Line 419: Class MediaPlayerCtl.MediaPlayer of control S was not a loaded control class.
Line 425: The property name AudioStream in S is invalid.
Line 427: The property name AutoStart in S is invalid.
Line 428: The property name AnimationAtStart in S is invalid.
Line 429: The property name AllowScan in S is invalid.
Line 430: The property name AllowChangeDisplaySize in S is invalid.
Line 431: The property name AutoRewind in S is invalid.
Line 432: The property name Balance in S is invalid.
Line 433: The property name BaseURL in S is invalid.
Line 434: The property name BufferingTime in S is invalid.
Line 435: The property name CaptioningID in S is invalid.
Line 436: The property name ClickToPlay in S is invalid.
Line 437: The property name CursorType in S is invalid.
Line 438: The property name CurrentPosition in S is invalid.
Line 439: The property name CurrentMarker in S is invalid.
Line 440: The property name DefaultFrame in S is invalid.
Line 441: The property name DisplayBackColor in S is invalid.
Line 442: The property name DisplayForeColor in S is invalid.
Line 443: The property name DisplayMode in S is invalid.
Line 444: The property name DisplaySize in S is invalid.
Line 446: The property name EnableContextMenu in S is invalid.
Line 447: The property name EnablePositionControls in S is invalid.
Line 448: The property name EnableFullScreenControls in S is invalid.
Line 449: The property name EnableTracker in S is invalid.
Line 450: The property name Filename in S is invalid.
Line 451: The property name InvokeURLs in S is invalid.
Line 452: The property name Language in S is invalid.
Line 453: The property name Mute in S is invalid.
Line 454: The property name PlayCount in S is invalid.
Line 455: The property name PreviewMode in S is invalid.
Line 456: The property name Rate in S is invalid.
Line 457: The property name SAMILang in S is invalid.
Line 458: The property name SAMIStyle in S is invalid.
Line 459: The property name SAMIFileName in S is invalid.
Line 460: The property name SelectionStart in S is invalid.
Line 461: The property name SelectionEnd in S is invalid.
Line 462: The property name SendOpenStateChangeEvents in S is invalid.
Line 463: The property name SendWarningEvents in S is invalid.
Line 464: The property name SendErrorEvents in S is invalid.
Line 465: The property name SendKeyboardEvents in S is invalid.
Line 466: The property name SendMouseClickEvents in S is invalid.
Line 467: The property name SendMouseMoveEvents in S is invalid.
Line 468: The property name SendPlayStateChangeEvents in S is invalid.
Line 469: The property name ShowCaptioning in S is invalid.
Line 470: The property name ShowControls in S is invalid.
Line 471: The property name ShowAudioControls in S is invalid.
Line 472: The property name ShowDisplay in S is invalid.
Line 473: The property name ShowGotoBar in S is invalid.
Line 474: The property name ShowPositionControls in S is invalid.
Line 475: The property name ShowStatusBar in S is invalid.
Line 476: The property name ShowTracker in S is invalid.
Line 477: The property name TransparentAtStart in S is invalid.
Line 478: The property name VideoBorderWidth in S is invalid.
Line 479: The property name VideoBorderColor in S is invalid.
Line 480: The property name VideoBorder3D in S is invalid.
Line 481: The property name Volume in S is invalid.
Line 482: The property name WindowlessVideo in S is invalid.
