Line 2887: Property Picture in Image4 could not be set.
Line 2895: Property Picture in Image3 could not be set.
Line 2903: Property Picture in InfoS could not be set.
Line 2912: Property Picture in OpenM could not be set.
Line 2920: Property Picture in SaveS could not be set.
Line 2928: Property Picture in SaveM could not be set.
Line 2936: Property Picture in Remove could not be set.
Line 2944: Property Picture in OptionN could not be set.
Line 2952: Property Picture in InsertS could not be set.
Line 2991: Property Picture in RecordD could not be set.
Line 2999: Property Picture in StopP could not be set.
Line 3007: Property Picture in PlaYY could not be set.
Line 3014: Property Picture in Info could not be set.
Line 3023: Property Picture in Track could not be set.
Line 3031: Property Picture in Track could not be set.
Line 3039: Property Picture in Track could not be set.
Line 3047: Property Picture in Track could not be set.
Line 3055: Property Picture in Track could not be set.
Line 3063: Property Picture in Track could not be set.
Line 3071: Property Picture in Track could not be set.
Line 3079: Property Picture in Track could not be set.
Line 3087: Property Picture in Track could not be set.
Line 3095: Property Picture in Track could not be set.
Line 3103: Property Picture in Track could not be set.
Line 3111: Property Picture in Track could not be set.
Line 3119: Property Picture in Track could not be set.
Line 3127: Property Picture in Track could not be set.
Line 3135: Property Picture in Track could not be set.
Line 3143: Property Picture in Track could not be set.
Line 3162: Property Picture in Image2 could not be set.
Line 3170: Property Picture in Image2 could not be set.
