Line 17: Class MSComctlLib.ImageList of control ImageList2 was not a loaded control class.
Line 41: Class MSComctlLib.ListView of control FileV was not a loaded control class.
Line 131: Class MSComctlLib.ImageList of control ImageList1 was not a loaded control class.
Line 20: The property name _ExtentX in ImageList2 is invalid.
Line 21: The property name _ExtentY in ImageList2 is invalid.
Line 23: The property name ImageWidth in ImageList2 is invalid.
Line 24: The property name ImageHeight in ImageList2 is invalid.
Line 25: The property name MaskColor in ImageList2 is invalid.
Line 26: The property name _Version in ImageList2 is invalid.
Line 47: The property name _ExtentX in FileV is invalid.
Line 48: The property name _ExtentY in FileV is invalid.
Line 49: The property name View in FileV is invalid.
Line 50: The property name LabelEdit in FileV is invalid.
Line 51: The property name LabelWrap in FileV is invalid.
Line 52: The property name HideSelection in FileV is invalid.
Line 53: The property name _Version in FileV is invalid.
Line 54: The property name Icons in FileV is invalid.
Line 55: The property name SmallIcons in FileV is invalid.
Line 56: The property name ColHdrIcons in FileV is invalid.
Line 70: The property name NumItems in FileV is invalid.
Line 74: The property name ColumnHeader(1) in FileV is invalid.
Line 134: The property name _ExtentX in ImageList1 is invalid.
Line 135: The property name _ExtentY in ImageList1 is invalid.
Line 137: The property name ImageWidth in ImageList1 is invalid.
Line 138: The property name ImageHeight in ImageList1 is invalid.
Line 139: The property name MaskColor in ImageList1 is invalid.
Line 140: The property name _Version in ImageList1 is invalid.
Line 183: The property name Images in ImageList1 is invalid.
